0 info it worked if it ends with ok
1 verbose cli [ '/usr/local/Cellar/node/7.1.0/bin/node',
1 verbose cli   '/Users/mike/.npm-packages/bin/npm',
1 verbose cli   'publish' ]
2 info using npm@3.10.9
3 info using node@v7.1.0
4 verbose publish [ '.' ]
5 silly cache add args [ '.', null ]
6 verbose cache add spec .
7 silly cache add parsed spec Result {
7 silly cache add   raw: '.',
7 silly cache add   scope: null,
7 silly cache add   escapedName: null,
7 silly cache add   name: null,
7 silly cache add   rawSpec: '.',
7 silly cache add   spec: '/Users/mike/Websites/jquery-callback-calendar',
7 silly cache add   type: 'directory' }
8 verbose addLocalDirectory /Users/mike/.npm/jquery-callback-calendar/1.0.10/package.tgz not in flight; packing
9 verbose correctMkdir /Users/mike/.npm correctMkdir not in flight; initializing
10 info lifecycle jquery-callback-calendar@1.0.10~prepublish: jquery-callback-calendar@1.0.10
11 verbose lifecycle jquery-callback-calendar@1.0.10~prepublish: unsafe-perm in lifecycle true
12 verbose lifecycle jquery-callback-calendar@1.0.10~prepublish: PATH: /Users/mike/.npm-packages/lib/node_modules/npm/bin/node-gyp-bin:/Users/mike/Websites/jquery-callback-calendar/node_modules/.bin:/usr/local/Cellar/node/7.1.0/bin:/Users/mike/tools/:/Users/mike/.npm-packages/bin:/usr/local/bin:/usr/bin:/bin:/usr/sbin:/sbin:/Applications/Server.app/Contents/ServerRoot/usr/bin:/Applications/Server.app/Contents/ServerRoot/usr/sbin
13 verbose lifecycle jquery-callback-calendar@1.0.10~prepublish: CWD: /Users/mike/Websites/jquery-callback-calendar
14 silly lifecycle jquery-callback-calendar@1.0.10~prepublish: Args: [ '-c', 'npm version patch' ]
15 silly lifecycle jquery-callback-calendar@1.0.10~prepublish: Returned: code: 1  signal: null
16 info lifecycle jquery-callback-calendar@1.0.10~prepublish: Failed to exec prepublish script
17 error addLocal Could not install /Users/mike/Websites/jquery-callback-calendar
18 verbose stack Error: jquery-callback-calendar@1.0.10 prepublish: `npm version patch`
18 verbose stack Exit status 1
18 verbose stack     at EventEmitter.<anonymous> (/Users/mike/.npm-packages/lib/node_modules/npm/lib/utils/lifecycle.js:255:16)
18 verbose stack     at emitTwo (events.js:106:13)
18 verbose stack     at EventEmitter.emit (events.js:191:7)
18 verbose stack     at ChildProcess.<anonymous> (/Users/mike/.npm-packages/lib/node_modules/npm/lib/utils/spawn.js:40:14)
18 verbose stack     at emitTwo (events.js:106:13)
18 verbose stack     at ChildProcess.emit (events.js:191:7)
18 verbose stack     at maybeClose (internal/child_process.js:885:16)
18 verbose stack     at Process.ChildProcess._handle.onexit (internal/child_process.js:226:5)
19 verbose pkgid jquery-callback-calendar@1.0.10
20 verbose cwd /Users/mike/Websites/jquery-callback-calendar
21 error Darwin 16.4.0
22 error argv "/usr/local/Cellar/node/7.1.0/bin/node" "/Users/mike/.npm-packages/bin/npm" "publish"
23 error node v7.1.0
24 error npm  v3.10.9
25 error code ELIFECYCLE
26 error jquery-callback-calendar@1.0.10 prepublish: `npm version patch`
26 error Exit status 1
27 error Failed at the jquery-callback-calendar@1.0.10 prepublish script 'npm version patch'.
27 error Make sure you have the latest version of node.js and npm installed.
27 error If you do, this is most likely a problem with the jquery-callback-calendar package,
27 error not with npm itself.
27 error Tell the author that this fails on your system:
27 error     npm version patch
27 error You can get information on how to open an issue for this project with:
27 error     npm bugs jquery-callback-calendar
27 error Or if that isn't available, you can get their info via:
27 error     npm owner ls jquery-callback-calendar
27 error There is likely additional logging output above.
28 verbose exit [ 1, true ]
